2024-05-23 11:24:14,292 INFO [main] o.a.n.b.NotificationServiceManager Successfully loaded the following 0 services: []
2024-05-23 11:24:14,303 INFO [main] org.apache.nifi.bootstrap.RunNiFi Registered no Notification Services for Notification Type NIFI_STARTED
2024-05-23 11:24:14,304 INFO [main] org.apache.nifi.bootstrap.RunNiFi Registered no Notification Services for Notification Type NIFI_STOPPED
2024-05-23 11:24:14,305 INFO [main] org.apache.nifi.bootstrap.RunNiFi Registered no Notification Services for Notification Type NIFI_DIED
2024-05-23 11:24:14,331 INFO [main] org.apache.nifi.bootstrap.RunNiFi Runtime Java version: 11.0.23
2024-05-23 11:24:14,620 INFO [main] org.apache.nifi.bootstrap.RunNiFi {javaVersion=11.0.23, availableProcessors=8, maxOpenFileDescriptors=1048576, totalPhysicalMemoryMB=7879, minimumHeapSize=1g, maximumHeapSize=1g}
2024-05-23 11:24:14,665 INFO [main] org.apache.nifi.bootstrap.Command Starting Apache NiFi...
2024-05-23 11:24:14,667 INFO [main] org.apache.nifi.bootstrap.Command Working Directory: /opt/nifi/nifi-current
2024-05-23 11:24:14,668 INFO [main] org.apache.nifi.bootstrap.Command Command: /opt/java/openjdk/bin/java -classpath /opt/nifi/nifi-current/./conf:/opt/nifi/nifi-current/./lib/nifi-properties-1.26.0.jar:/opt/nifi/nifi-current/./lib/slf4j-api-2.0.12.jar:/opt/nifi/nifi-current/./lib/byte-buddy-1.12.19.jar:/opt/nifi/nifi-current/./lib/jcl-over-slf4j-2.0.12.jar:/opt/nifi/nifi-current/./lib/nifi-api-1.26.0.jar:/opt/nifi/nifi-current/./lib/jetty-schemas-5.2.jar:/opt/nifi/nifi-current/./lib/logback-core-1.3.14.jar:/opt/nifi/nifi-current/./lib/jul-to-slf4j-2.0.12.jar:/opt/nifi/nifi-current/./lib/javax.servlet-api-3.1.0.jar:/opt/nifi/nifi-current/./lib/nifi-stateless-api-1.26.0.jar:/opt/nifi/nifi-current/./lib/log4j-over-slf4j-2.0.12.jar:/opt/nifi/nifi-current/./lib/nifi-nar-utils-1.26.0.jar:/opt/nifi/nifi-current/./lib/nifi-per-process-group-logging-1.26.0.jar:/opt/nifi/nifi-current/./lib/nifi-property-utils-1.26.0.jar:/opt/nifi/nifi-current/./lib/nifi-runtime-1.26.0.jar:/opt/nifi/nifi-current/./lib/nifi-stateless-bootstrap-1.26.0.jar:/opt/nifi/nifi-current/./lib/nifi-server-api-1.26.0.jar:/opt/nifi/nifi-current/./lib/logback-classic-1.3.14.jar:/opt/nifi/nifi-current/./lib/nifi-framework-api-1.26.0.jar:/opt/nifi/nifi-current/./lib/java11/jaxb-runtime-2.3.9.jar:/opt/nifi/nifi-current/./lib/java11/jakarta.xml.bind-api-2.3.3.jar:/opt/nifi/nifi-current/./lib/java11/txw2-2.3.9.jar:/opt/nifi/nifi-current/./lib/java11/istack-commons-runtime-3.0.12.jar:/opt/nifi/nifi-current/./lib/java11/javax.annotation-api-1.3.2.jar:/opt/nifi/nifi-current/./lib/java11/jakarta.activation-1.2.2.jar:/opt/nifi/nifi-current/./lib/java11/jakarta.activation-api-1.2.2.jar -Dorg.apache.jasper.compiler.disablejsr199=true -Xmx1g -Xms1g -Dcurator-log-only-first-connection-issue-as-error-level=true -Djavax.security.auth.useSubjectCredsOnly=true -Djava.security.egd=file:/dev/urandom -Dzookeeper.admin.enableServer=false -Dsun.net.http.allowRestrictedHeaders=true -Djava.net.preferIPv4Stack=true -Djava.awt.headless=true -Djava.protocol.handler.pkgs=sun.net.www.protocol -Dnifi.properties.file.path=/opt/nifi/nifi-current/./conf/nifi.properties -Dnifi.bootstrap.listen.port=43551 -Dapp=NiFi -Dorg.apache.nifi.bootstrap.config.log.dir=/opt/nifi/nifi-current/logs org.apache.nifi.NiFi 
2024-05-23 11:24:14,831 INFO [main] org.apache.nifi.bootstrap.Command Launched Apache NiFi with Process ID 90
2024-05-23 11:24:16,006 INFO [NiFi Bootstrap Command Listener] org.apache.nifi.bootstrap.RunNiFi Apache NiFi now running and listening for Bootstrap requests on port 38595
2024-05-23 11:25:04,586 ERROR [NiFi logging handler] org.apache.nifi.StdErr Warning: Nashorn engine is planned to be removed from a future JDK release
2024-05-23 11:25:05,625 ERROR [NiFi logging handler] org.apache.nifi.StdErr Warning: Nashorn engine is planned to be removed from a future JDK release
2024-05-23 11:25:05,796 ERROR [NiFi logging handler] org.apache.nifi.StdErr Warning: Nashorn engine is planned to be removed from a future JDK release
2024-05-23 11:25:05,830 ERROR [NiFi logging handler] org.apache.nifi.StdErr Warning: Nashorn engine is planned to be removed from a future JDK release
2024-05-23 11:25:05,845 ERROR [NiFi logging handler] org.apache.nifi.StdErr Warning: Nashorn engine is planned to be removed from a future JDK release
2024-05-23 11:25:05,851 ERROR [NiFi logging handler] org.apache.nifi.StdErr Warning: Nashorn engine is planned to be removed from a future JDK release
2024-05-23 11:25:05,856 ERROR [NiFi logging handler] org.apache.nifi.StdErr Warning: Nashorn engine is planned to be removed from a future JDK release
2024-05-23 11:25:05,862 ERROR [NiFi logging handler] org.apache.nifi.StdErr Warning: Nashorn engine is planned to be removed from a future JDK release
2024-05-23 11:25:06,026 ERROR [NiFi logging handler] org.apache.nifi.StdErr Warning: Nashorn engine is planned to be removed from a future JDK release
2024-05-23 11:25:12,024 ERROR [NiFi logging handler] org.apache.nifi.StdErr WARNING: An illegal reflective access operation has occurred
2024-05-23 11:25:12,024 ERROR [NiFi logging handler] org.apache.nifi.StdErr WARNING: Illegal reflective access by jetbrains.exodus.io.FileDataWriter$Companion$setUninterruptibleMethod$1 (file:/opt/nifi/nifi-current/./work/nar/framework/nifi-framework-nar-1.26.0.nar-unpacked/NAR-INF/bundled-dependencies/xodus-environment-2.0.1.jar) to method sun.nio.ch.FileChannelImpl.setUninterruptible()
2024-05-23 11:25:12,025 ERROR [NiFi logging handler] org.apache.nifi.StdErr WARNING: Please consider reporting this to the maintainers of jetbrains.exodus.io.FileDataWriter$Companion$setUninterruptibleMethod$1
2024-05-23 11:25:12,025 ERROR [NiFi logging handler] org.apache.nifi.StdErr WARNING: Use --illegal-access=warn to enable warnings of further illegal reflective access operations
2024-05-23 11:25:12,025 ERROR [NiFi logging handler] org.apache.nifi.StdErr WARNING: All illegal access operations will be denied in a future release
2024-05-23 11:41:01,654 INFO [main] o.a.n.b.NotificationServiceManager Successfully loaded the following 0 services: []
2024-05-23 11:41:01,658 INFO [main] org.apache.nifi.bootstrap.RunNiFi Registered no Notification Services for Notification Type NIFI_STARTED
2024-05-23 11:41:01,659 INFO [main] org.apache.nifi.bootstrap.RunNiFi Registered no Notification Services for Notification Type NIFI_STOPPED
2024-05-23 11:41:01,659 INFO [main] org.apache.nifi.bootstrap.RunNiFi Registered no Notification Services for Notification Type NIFI_DIED
2024-05-23 11:41:01,685 INFO [main] org.apache.nifi.bootstrap.Command Apache NiFi has accepted the Shutdown Command and is shutting down now
2024-05-23 11:41:01,782 INFO [main] org.apache.nifi.bootstrap.Command NiFi PID [90] shutdown in progress...
2024-05-23 11:41:03,790 INFO [main] org.apache.nifi.bootstrap.Command NiFi PID [90] shutdown in progress...
2024-05-23 11:41:05,045 INFO [main] org.apache.nifi.bootstrap.RunNiFi A shutdown was initiated. Will not restart NiFi
2024-05-23 11:41:05,886 INFO [main] org.apache.nifi.bootstrap.Command NiFi PID [90] shutdown completed
2024-05-23 11:43:06,802 INFO [main] o.a.n.b.NotificationServiceManager Successfully loaded the following 0 services: []
2024-05-23 11:43:06,806 INFO [main] org.apache.nifi.bootstrap.RunNiFi Registered no Notification Services for Notification Type NIFI_STARTED
2024-05-23 11:43:06,806 INFO [main] org.apache.nifi.bootstrap.RunNiFi Registered no Notification Services for Notification Type NIFI_STOPPED
2024-05-23 11:43:06,807 INFO [main] org.apache.nifi.bootstrap.RunNiFi Registered no Notification Services for Notification Type NIFI_DIED
2024-05-23 11:43:06,820 INFO [main] org.apache.nifi.bootstrap.RunNiFi Runtime Java version: 11.0.23
2024-05-23 11:43:07,086 INFO [main] org.apache.nifi.bootstrap.RunNiFi {javaVersion=11.0.23, availableProcessors=8, maxOpenFileDescriptors=1048576, totalPhysicalMemoryMB=7879, minimumHeapSize=1g, maximumHeapSize=1g}
2024-05-23 11:43:07,114 INFO [main] org.apache.nifi.bootstrap.Command Starting Apache NiFi...
2024-05-23 11:43:07,115 INFO [main] org.apache.nifi.bootstrap.Command Working Directory: /opt/nifi/nifi-current
2024-05-23 11:43:07,117 INFO [main] org.apache.nifi.bootstrap.Command Command: /opt/java/openjdk/bin/java -classpath /opt/nifi/nifi-current/./conf:/opt/nifi/nifi-current/./lib/nifi-properties-1.26.0.jar:/opt/nifi/nifi-current/./lib/slf4j-api-2.0.12.jar:/opt/nifi/nifi-current/./lib/byte-buddy-1.12.19.jar:/opt/nifi/nifi-current/./lib/jcl-over-slf4j-2.0.12.jar:/opt/nifi/nifi-current/./lib/nifi-api-1.26.0.jar:/opt/nifi/nifi-current/./lib/jetty-schemas-5.2.jar:/opt/nifi/nifi-current/./lib/logback-core-1.3.14.jar:/opt/nifi/nifi-current/./lib/jul-to-slf4j-2.0.12.jar:/opt/nifi/nifi-current/./lib/javax.servlet-api-3.1.0.jar:/opt/nifi/nifi-current/./lib/nifi-stateless-api-1.26.0.jar:/opt/nifi/nifi-current/./lib/log4j-over-slf4j-2.0.12.jar:/opt/nifi/nifi-current/./lib/nifi-nar-utils-1.26.0.jar:/opt/nifi/nifi-current/./lib/nifi-per-process-group-logging-1.26.0.jar:/opt/nifi/nifi-current/./lib/nifi-property-utils-1.26.0.jar:/opt/nifi/nifi-current/./lib/nifi-runtime-1.26.0.jar:/opt/nifi/nifi-current/./lib/nifi-stateless-bootstrap-1.26.0.jar:/opt/nifi/nifi-current/./lib/nifi-server-api-1.26.0.jar:/opt/nifi/nifi-current/./lib/logback-classic-1.3.14.jar:/opt/nifi/nifi-current/./lib/nifi-framework-api-1.26.0.jar:/opt/nifi/nifi-current/./lib/java11/jaxb-runtime-2.3.9.jar:/opt/nifi/nifi-current/./lib/java11/jakarta.xml.bind-api-2.3.3.jar:/opt/nifi/nifi-current/./lib/java11/txw2-2.3.9.jar:/opt/nifi/nifi-current/./lib/java11/istack-commons-runtime-3.0.12.jar:/opt/nifi/nifi-current/./lib/java11/javax.annotation-api-1.3.2.jar:/opt/nifi/nifi-current/./lib/java11/jakarta.activation-1.2.2.jar:/opt/nifi/nifi-current/./lib/java11/jakarta.activation-api-1.2.2.jar -Dorg.apache.jasper.compiler.disablejsr199=true -Xmx1g -Xms1g -Dcurator-log-only-first-connection-issue-as-error-level=true -Djavax.security.auth.useSubjectCredsOnly=true -Djava.security.egd=file:/dev/urandom -Dzookeeper.admin.enableServer=false -Dsun.net.http.allowRestrictedHeaders=true -Djava.net.preferIPv4Stack=true -Djava.awt.headless=true -Djava.protocol.handler.pkgs=sun.net.www.protocol -Dnifi.properties.file.path=/opt/nifi/nifi-current/./conf/nifi.properties -Dnifi.bootstrap.listen.port=40661 -Dapp=NiFi -Dorg.apache.nifi.bootstrap.config.log.dir=/opt/nifi/nifi-current/logs org.apache.nifi.NiFi 
2024-05-23 11:43:07,223 INFO [main] org.apache.nifi.bootstrap.Command Launched Apache NiFi with Process ID 89
2024-05-23 11:43:07,927 INFO [NiFi Bootstrap Command Listener] org.apache.nifi.bootstrap.RunNiFi Apache NiFi now running and listening for Bootstrap requests on port 36411
2024-05-23 11:43:27,601 INFO [main] o.a.n.b.NotificationServiceManager Successfully loaded the following 0 services: []
2024-05-23 11:43:27,607 INFO [main] org.apache.nifi.bootstrap.RunNiFi Registered no Notification Services for Notification Type NIFI_STARTED
2024-05-23 11:43:27,609 INFO [main] org.apache.nifi.bootstrap.RunNiFi Registered no Notification Services for Notification Type NIFI_STOPPED
2024-05-23 11:43:27,611 INFO [main] org.apache.nifi.bootstrap.RunNiFi Registered no Notification Services for Notification Type NIFI_DIED
2024-05-23 11:43:27,640 INFO [main] org.apache.nifi.bootstrap.RunNiFi Runtime Java version: 11.0.23
2024-05-23 11:43:27,958 INFO [main] org.apache.nifi.bootstrap.RunNiFi {javaVersion=11.0.23, availableProcessors=8, maxOpenFileDescriptors=1048576, totalPhysicalMemoryMB=7879, minimumHeapSize=1g, maximumHeapSize=1g}
2024-05-23 11:43:27,985 INFO [main] org.apache.nifi.bootstrap.Command Starting Apache NiFi...
2024-05-23 11:43:27,987 INFO [main] org.apache.nifi.bootstrap.Command Working Directory: /opt/nifi/nifi-current
2024-05-23 11:43:27,988 INFO [main] org.apache.nifi.bootstrap.Command Command: /opt/java/openjdk/bin/java -classpath /opt/nifi/nifi-current/./conf:/opt/nifi/nifi-current/./lib/nifi-properties-1.26.0.jar:/opt/nifi/nifi-current/./lib/slf4j-api-2.0.12.jar:/opt/nifi/nifi-current/./lib/byte-buddy-1.12.19.jar:/opt/nifi/nifi-current/./lib/jcl-over-slf4j-2.0.12.jar:/opt/nifi/nifi-current/./lib/nifi-api-1.26.0.jar:/opt/nifi/nifi-current/./lib/jetty-schemas-5.2.jar:/opt/nifi/nifi-current/./lib/logback-core-1.3.14.jar:/opt/nifi/nifi-current/./lib/jul-to-slf4j-2.0.12.jar:/opt/nifi/nifi-current/./lib/javax.servlet-api-3.1.0.jar:/opt/nifi/nifi-current/./lib/nifi-stateless-api-1.26.0.jar:/opt/nifi/nifi-current/./lib/log4j-over-slf4j-2.0.12.jar:/opt/nifi/nifi-current/./lib/nifi-nar-utils-1.26.0.jar:/opt/nifi/nifi-current/./lib/nifi-per-process-group-logging-1.26.0.jar:/opt/nifi/nifi-current/./lib/nifi-property-utils-1.26.0.jar:/opt/nifi/nifi-current/./lib/nifi-runtime-1.26.0.jar:/opt/nifi/nifi-current/./lib/nifi-stateless-bootstrap-1.26.0.jar:/opt/nifi/nifi-current/./lib/nifi-server-api-1.26.0.jar:/opt/nifi/nifi-current/./lib/logback-classic-1.3.14.jar:/opt/nifi/nifi-current/./lib/nifi-framework-api-1.26.0.jar:/opt/nifi/nifi-current/./lib/java11/jaxb-runtime-2.3.9.jar:/opt/nifi/nifi-current/./lib/java11/jakarta.xml.bind-api-2.3.3.jar:/opt/nifi/nifi-current/./lib/java11/txw2-2.3.9.jar:/opt/nifi/nifi-current/./lib/java11/istack-commons-runtime-3.0.12.jar:/opt/nifi/nifi-current/./lib/java11/javax.annotation-api-1.3.2.jar:/opt/nifi/nifi-current/./lib/java11/jakarta.activation-1.2.2.jar:/opt/nifi/nifi-current/./lib/java11/jakarta.activation-api-1.2.2.jar -Dorg.apache.jasper.compiler.disablejsr199=true -Xmx1g -Xms1g -Dcurator-log-only-first-connection-issue-as-error-level=true -Djavax.security.auth.useSubjectCredsOnly=true -Djava.security.egd=file:/dev/urandom -Dzookeeper.admin.enableServer=false -Dsun.net.http.allowRestrictedHeaders=true -Djava.net.preferIPv4Stack=true -Djava.awt.headless=true -Djava.protocol.handler.pkgs=sun.net.www.protocol -Dnifi.properties.file.path=/opt/nifi/nifi-current/./conf/nifi.properties -Dnifi.bootstrap.listen.port=43465 -Dapp=NiFi -Dorg.apache.nifi.bootstrap.config.log.dir=/opt/nifi/nifi-current/logs org.apache.nifi.NiFi 
2024-05-23 11:43:28,119 INFO [main] org.apache.nifi.bootstrap.Command Launched Apache NiFi with Process ID 89
2024-05-23 11:43:28,849 INFO [NiFi Bootstrap Command Listener] org.apache.nifi.bootstrap.RunNiFi Apache NiFi now running and listening for Bootstrap requests on port 33963
2024-05-23 11:44:10,402 ERROR [NiFi logging handler] org.apache.nifi.StdErr Warning: Nashorn engine is planned to be removed from a future JDK release
2024-05-23 11:44:12,683 ERROR [NiFi logging handler] org.apache.nifi.StdErr Warning: Nashorn engine is planned to be removed from a future JDK release
2024-05-23 11:44:13,326 ERROR [NiFi logging handler] org.apache.nifi.StdErr Warning: Nashorn engine is planned to be removed from a future JDK release
2024-05-23 11:44:13,449 ERROR [NiFi logging handler] org.apache.nifi.StdErr Warning: Nashorn engine is planned to be removed from a future JDK release
2024-05-23 11:44:13,544 ERROR [NiFi logging handler] org.apache.nifi.StdErr Warning: Nashorn engine is planned to be removed from a future JDK release
2024-05-23 11:44:13,573 ERROR [NiFi logging handler] org.apache.nifi.StdErr Warning: Nashorn engine is planned to be removed from a future JDK release
2024-05-23 11:44:13,587 ERROR [NiFi logging handler] org.apache.nifi.StdErr Warning: Nashorn engine is planned to be removed from a future JDK release
2024-05-23 11:44:13,605 ERROR [NiFi logging handler] org.apache.nifi.StdErr Warning: Nashorn engine is planned to be removed from a future JDK release
2024-05-23 11:44:14,160 ERROR [NiFi logging handler] org.apache.nifi.StdErr Warning: Nashorn engine is planned to be removed from a future JDK release
2024-05-23 11:44:26,385 ERROR [NiFi logging handler] org.apache.nifi.StdErr WARNING: An illegal reflective access operation has occurred
2024-05-23 11:44:26,385 ERROR [NiFi logging handler] org.apache.nifi.StdErr WARNING: Illegal reflective access by jetbrains.exodus.io.FileDataWriter$Companion$setUninterruptibleMethod$1 (file:/opt/nifi/nifi-current/./work/nar/framework/nifi-framework-nar-1.26.0.nar-unpacked/NAR-INF/bundled-dependencies/xodus-environment-2.0.1.jar) to method sun.nio.ch.FileChannelImpl.setUninterruptible()
2024-05-23 11:44:26,386 ERROR [NiFi logging handler] org.apache.nifi.StdErr WARNING: Please consider reporting this to the maintainers of jetbrains.exodus.io.FileDataWriter$Companion$setUninterruptibleMethod$1
2024-05-23 11:44:26,386 ERROR [NiFi logging handler] org.apache.nifi.StdErr WARNING: Use --illegal-access=warn to enable warnings of further illegal reflective access operations
2024-05-23 11:44:26,387 ERROR [NiFi logging handler] org.apache.nifi.StdErr WARNING: All illegal access operations will be denied in a future release
2024-05-23 11:58:11,464 INFO [main] o.a.n.b.NotificationServiceManager Successfully loaded the following 0 services: []
2024-05-23 11:58:11,471 INFO [main] org.apache.nifi.bootstrap.RunNiFi Registered no Notification Services for Notification Type NIFI_STARTED
2024-05-23 11:58:11,471 INFO [main] org.apache.nifi.bootstrap.RunNiFi Registered no Notification Services for Notification Type NIFI_STOPPED
2024-05-23 11:58:11,472 INFO [main] org.apache.nifi.bootstrap.RunNiFi Registered no Notification Services for Notification Type NIFI_DIED
2024-05-23 11:58:11,494 INFO [main] org.apache.nifi.bootstrap.RunNiFi Runtime Java version: 11.0.23
2024-05-23 11:58:11,726 INFO [main] org.apache.nifi.bootstrap.RunNiFi {javaVersion=11.0.23, availableProcessors=8, maxOpenFileDescriptors=1048576, totalPhysicalMemoryMB=7879, minimumHeapSize=1g, maximumHeapSize=1g}
2024-05-23 11:58:11,761 INFO [main] org.apache.nifi.bootstrap.Command Starting Apache NiFi...
2024-05-23 11:58:11,762 INFO [main] org.apache.nifi.bootstrap.Command Working Directory: /opt/nifi/nifi-current
2024-05-23 11:58:11,764 INFO [main] org.apache.nifi.bootstrap.Command Command: /opt/java/openjdk/bin/java -classpath /opt/nifi/nifi-current/./conf:/opt/nifi/nifi-current/./lib/nifi-properties-1.26.0.jar:/opt/nifi/nifi-current/./lib/slf4j-api-2.0.12.jar:/opt/nifi/nifi-current/./lib/byte-buddy-1.12.19.jar:/opt/nifi/nifi-current/./lib/jcl-over-slf4j-2.0.12.jar:/opt/nifi/nifi-current/./lib/nifi-api-1.26.0.jar:/opt/nifi/nifi-current/./lib/jetty-schemas-5.2.jar:/opt/nifi/nifi-current/./lib/logback-core-1.3.14.jar:/opt/nifi/nifi-current/./lib/jul-to-slf4j-2.0.12.jar:/opt/nifi/nifi-current/./lib/javax.servlet-api-3.1.0.jar:/opt/nifi/nifi-current/./lib/nifi-stateless-api-1.26.0.jar:/opt/nifi/nifi-current/./lib/log4j-over-slf4j-2.0.12.jar:/opt/nifi/nifi-current/./lib/nifi-nar-utils-1.26.0.jar:/opt/nifi/nifi-current/./lib/nifi-per-process-group-logging-1.26.0.jar:/opt/nifi/nifi-current/./lib/nifi-property-utils-1.26.0.jar:/opt/nifi/nifi-current/./lib/nifi-runtime-1.26.0.jar:/opt/nifi/nifi-current/./lib/nifi-stateless-bootstrap-1.26.0.jar:/opt/nifi/nifi-current/./lib/nifi-server-api-1.26.0.jar:/opt/nifi/nifi-current/./lib/logback-classic-1.3.14.jar:/opt/nifi/nifi-current/./lib/nifi-framework-api-1.26.0.jar:/opt/nifi/nifi-current/./lib/java11/jaxb-runtime-2.3.9.jar:/opt/nifi/nifi-current/./lib/java11/jakarta.xml.bind-api-2.3.3.jar:/opt/nifi/nifi-current/./lib/java11/txw2-2.3.9.jar:/opt/nifi/nifi-current/./lib/java11/istack-commons-runtime-3.0.12.jar:/opt/nifi/nifi-current/./lib/java11/javax.annotation-api-1.3.2.jar:/opt/nifi/nifi-current/./lib/java11/jakarta.activation-1.2.2.jar:/opt/nifi/nifi-current/./lib/java11/jakarta.activation-api-1.2.2.jar -Dorg.apache.jasper.compiler.disablejsr199=true -Xmx1g -Xms1g -Dcurator-log-only-first-connection-issue-as-error-level=true -Djavax.security.auth.useSubjectCredsOnly=true -Djava.security.egd=file:/dev/urandom -Dzookeeper.admin.enableServer=false -Dsun.net.http.allowRestrictedHeaders=true -Djava.net.preferIPv4Stack=true -Djava.awt.headless=true -Djava.protocol.handler.pkgs=sun.net.www.protocol -Dnifi.properties.file.path=/opt/nifi/nifi-current/./conf/nifi.properties -Dnifi.bootstrap.listen.port=39569 -Dapp=NiFi -Dorg.apache.nifi.bootstrap.config.log.dir=/opt/nifi/nifi-current/logs org.apache.nifi.NiFi 
2024-05-23 11:58:12,053 INFO [main] org.apache.nifi.bootstrap.Command Launched Apache NiFi with Process ID 89
2024-05-23 11:58:13,056 INFO [NiFi Bootstrap Command Listener] org.apache.nifi.bootstrap.RunNiFi Apache NiFi now running and listening for Bootstrap requests on port 38745
2024-05-23 11:58:52,773 ERROR [NiFi logging handler] org.apache.nifi.StdErr Warning: Nashorn engine is planned to be removed from a future JDK release
2024-05-23 11:58:53,166 ERROR [NiFi logging handler] org.apache.nifi.StdErr Warning: Nashorn engine is planned to be removed from a future JDK release
2024-05-23 11:58:53,185 ERROR [NiFi logging handler] org.apache.nifi.StdErr Warning: Nashorn engine is planned to be removed from a future JDK release
2024-05-23 11:58:53,798 ERROR [NiFi logging handler] org.apache.nifi.StdErr Warning: Nashorn engine is planned to be removed from a future JDK release
2024-05-23 11:58:53,842 ERROR [NiFi logging handler] org.apache.nifi.StdErr Warning: Nashorn engine is planned to be removed from a future JDK release
2024-05-23 11:58:53,892 ERROR [NiFi logging handler] org.apache.nifi.StdErr Warning: Nashorn engine is planned to be removed from a future JDK release
2024-05-23 11:58:53,995 ERROR [NiFi logging handler] org.apache.nifi.StdErr Warning: Nashorn engine is planned to be removed from a future JDK release
2024-05-23 11:58:54,069 ERROR [NiFi logging handler] org.apache.nifi.StdErr Warning: Nashorn engine is planned to be removed from a future JDK release
2024-05-23 11:58:54,571 ERROR [NiFi logging handler] org.apache.nifi.StdErr Warning: Nashorn engine is planned to be removed from a future JDK release
2024-05-23 11:59:04,077 ERROR [NiFi logging handler] org.apache.nifi.StdErr WARNING: An illegal reflective access operation has occurred
2024-05-23 11:59:04,078 ERROR [NiFi logging handler] org.apache.nifi.StdErr WARNING: Illegal reflective access by jetbrains.exodus.io.FileDataWriter$Companion$setUninterruptibleMethod$1 (file:/opt/nifi/nifi-current/./work/nar/framework/nifi-framework-nar-1.26.0.nar-unpacked/NAR-INF/bundled-dependencies/xodus-environment-2.0.1.jar) to method sun.nio.ch.FileChannelImpl.setUninterruptible()
2024-05-23 11:59:04,079 ERROR [NiFi logging handler] org.apache.nifi.StdErr WARNING: Please consider reporting this to the maintainers of jetbrains.exodus.io.FileDataWriter$Companion$setUninterruptibleMethod$1
2024-05-23 11:59:04,079 ERROR [NiFi logging handler] org.apache.nifi.StdErr WARNING: Use --illegal-access=warn to enable warnings of further illegal reflective access operations
2024-05-23 11:59:04,080 ERROR [NiFi logging handler] org.apache.nifi.StdErr WARNING: All illegal access operations will be denied in a future release
2024-05-23 12:05:04,068 INFO [main] o.a.n.b.NotificationServiceManager Successfully loaded the following 0 services: []
2024-05-23 12:05:04,077 INFO [main] org.apache.nifi.bootstrap.RunNiFi Registered no Notification Services for Notification Type NIFI_STARTED
2024-05-23 12:05:04,078 INFO [main] org.apache.nifi.bootstrap.RunNiFi Registered no Notification Services for Notification Type NIFI_STOPPED
2024-05-23 12:05:04,079 INFO [main] org.apache.nifi.bootstrap.RunNiFi Registered no Notification Services for Notification Type NIFI_DIED
2024-05-23 12:05:04,136 INFO [main] org.apache.nifi.bootstrap.Command Apache NiFi has accepted the Shutdown Command and is shutting down now
2024-05-23 12:05:04,229 INFO [main] org.apache.nifi.bootstrap.Command NiFi PID [89] shutdown in progress...
2024-05-23 12:05:06,154 INFO [main] org.apache.nifi.bootstrap.RunNiFi A shutdown was initiated. Will not restart NiFi
2024-05-23 12:05:06,236 INFO [main] org.apache.nifi.bootstrap.Command NiFi PID [89] shutdown completed
2024-05-23 12:07:38,539 INFO [main] o.a.n.b.NotificationServiceManager Successfully loaded the following 0 services: []
2024-05-23 12:07:38,548 INFO [main] org.apache.nifi.bootstrap.RunNiFi Registered no Notification Services for Notification Type NIFI_STARTED
2024-05-23 12:07:38,548 INFO [main] org.apache.nifi.bootstrap.RunNiFi Registered no Notification Services for Notification Type NIFI_STOPPED
2024-05-23 12:07:38,549 INFO [main] org.apache.nifi.bootstrap.RunNiFi Registered no Notification Services for Notification Type NIFI_DIED
2024-05-23 12:07:38,578 INFO [main] org.apache.nifi.bootstrap.RunNiFi Runtime Java version: 11.0.23
2024-05-23 12:07:38,857 INFO [main] org.apache.nifi.bootstrap.RunNiFi {javaVersion=11.0.23, availableProcessors=8, maxOpenFileDescriptors=1048576, totalPhysicalMemoryMB=7879, minimumHeapSize=1g, maximumHeapSize=1g}
2024-05-23 12:07:38,887 INFO [main] org.apache.nifi.bootstrap.Command Starting Apache NiFi...
2024-05-23 12:07:38,889 INFO [main] org.apache.nifi.bootstrap.Command Working Directory: /opt/nifi/nifi-current
2024-05-23 12:07:38,890 INFO [main] org.apache.nifi.bootstrap.Command Command: /opt/java/openjdk/bin/java -classpath /opt/nifi/nifi-current/./conf:/opt/nifi/nifi-current/./lib/nifi-properties-1.26.0.jar:/opt/nifi/nifi-current/./lib/slf4j-api-2.0.12.jar:/opt/nifi/nifi-current/./lib/byte-buddy-1.12.19.jar:/opt/nifi/nifi-current/./lib/jcl-over-slf4j-2.0.12.jar:/opt/nifi/nifi-current/./lib/nifi-api-1.26.0.jar:/opt/nifi/nifi-current/./lib/jetty-schemas-5.2.jar:/opt/nifi/nifi-current/./lib/logback-core-1.3.14.jar:/opt/nifi/nifi-current/./lib/jul-to-slf4j-2.0.12.jar:/opt/nifi/nifi-current/./lib/javax.servlet-api-3.1.0.jar:/opt/nifi/nifi-current/./lib/nifi-stateless-api-1.26.0.jar:/opt/nifi/nifi-current/./lib/log4j-over-slf4j-2.0.12.jar:/opt/nifi/nifi-current/./lib/nifi-nar-utils-1.26.0.jar:/opt/nifi/nifi-current/./lib/nifi-per-process-group-logging-1.26.0.jar:/opt/nifi/nifi-current/./lib/nifi-property-utils-1.26.0.jar:/opt/nifi/nifi-current/./lib/nifi-runtime-1.26.0.jar:/opt/nifi/nifi-current/./lib/nifi-stateless-bootstrap-1.26.0.jar:/opt/nifi/nifi-current/./lib/nifi-server-api-1.26.0.jar:/opt/nifi/nifi-current/./lib/logback-classic-1.3.14.jar:/opt/nifi/nifi-current/./lib/nifi-framework-api-1.26.0.jar:/opt/nifi/nifi-current/./lib/java11/jaxb-runtime-2.3.9.jar:/opt/nifi/nifi-current/./lib/java11/jakarta.xml.bind-api-2.3.3.jar:/opt/nifi/nifi-current/./lib/java11/txw2-2.3.9.jar:/opt/nifi/nifi-current/./lib/java11/istack-commons-runtime-3.0.12.jar:/opt/nifi/nifi-current/./lib/java11/javax.annotation-api-1.3.2.jar:/opt/nifi/nifi-current/./lib/java11/jakarta.activation-1.2.2.jar:/opt/nifi/nifi-current/./lib/java11/jakarta.activation-api-1.2.2.jar -Dorg.apache.jasper.compiler.disablejsr199=true -Xmx1g -Xms1g -Dcurator-log-only-first-connection-issue-as-error-level=true -Djavax.security.auth.useSubjectCredsOnly=true -Djava.security.egd=file:/dev/urandom -Dzookeeper.admin.enableServer=false -Dsun.net.http.allowRestrictedHeaders=true -Djava.net.preferIPv4Stack=true -Djava.awt.headless=true -Djava.protocol.handler.pkgs=sun.net.www.protocol -Dnifi.properties.file.path=/opt/nifi/nifi-current/./conf/nifi.properties -Dnifi.bootstrap.listen.port=32899 -Dapp=NiFi -Dorg.apache.nifi.bootstrap.config.log.dir=/opt/nifi/nifi-current/logs org.apache.nifi.NiFi 
2024-05-23 12:07:39,009 INFO [main] org.apache.nifi.bootstrap.Command Launched Apache NiFi with Process ID 89
2024-05-23 12:07:40,252 INFO [NiFi Bootstrap Command Listener] org.apache.nifi.bootstrap.RunNiFi Apache NiFi now running and listening for Bootstrap requests on port 34955
2024-05-23 12:08:02,075 ERROR [NiFi logging handler] org.apache.nifi.StdErr WARNING: An illegal reflective access operation has occurred
2024-05-23 12:08:02,075 ERROR [NiFi logging handler] org.apache.nifi.StdErr WARNING: Illegal reflective access by jetbrains.exodus.io.FileDataWriter$Companion$setUninterruptibleMethod$1 (file:/opt/nifi/nifi-current/./work/nar/framework/nifi-framework-nar-1.26.0.nar-unpacked/NAR-INF/bundled-dependencies/xodus-environment-2.0.1.jar) to method sun.nio.ch.FileChannelImpl.setUninterruptible()
2024-05-23 12:08:02,076 ERROR [NiFi logging handler] org.apache.nifi.StdErr WARNING: Please consider reporting this to the maintainers of jetbrains.exodus.io.FileDataWriter$Companion$setUninterruptibleMethod$1
2024-05-23 12:08:02,076 ERROR [NiFi logging handler] org.apache.nifi.StdErr WARNING: Use --illegal-access=warn to enable warnings of further illegal reflective access operations
2024-05-23 12:08:02,077 ERROR [NiFi logging handler] org.apache.nifi.StdErr WARNING: All illegal access operations will be denied in a future release
2024-05-23 12:22:01,170 INFO [main] o.a.n.b.NotificationServiceManager Successfully loaded the following 0 services: []
2024-05-23 12:22:01,175 INFO [main] org.apache.nifi.bootstrap.RunNiFi Registered no Notification Services for Notification Type NIFI_STARTED
2024-05-23 12:22:01,175 INFO [main] org.apache.nifi.bootstrap.RunNiFi Registered no Notification Services for Notification Type NIFI_STOPPED
2024-05-23 12:22:01,176 INFO [main] org.apache.nifi.bootstrap.RunNiFi Registered no Notification Services for Notification Type NIFI_DIED
2024-05-23 12:22:01,195 INFO [main] org.apache.nifi.bootstrap.RunNiFi Runtime Java version: 11.0.23
2024-05-23 12:22:01,373 INFO [main] org.apache.nifi.bootstrap.RunNiFi {javaVersion=11.0.23, availableProcessors=8, maxOpenFileDescriptors=1048576, totalPhysicalMemoryMB=7879, minimumHeapSize=1g, maximumHeapSize=1g}
2024-05-23 12:22:01,396 INFO [main] org.apache.nifi.bootstrap.Command Starting Apache NiFi...
2024-05-23 12:22:01,398 INFO [main] org.apache.nifi.bootstrap.Command Working Directory: /opt/nifi/nifi-current
2024-05-23 12:22:01,399 INFO [main] org.apache.nifi.bootstrap.Command Command: /opt/java/openjdk/bin/java -classpath /opt/nifi/nifi-current/./conf:/opt/nifi/nifi-current/./lib/nifi-properties-1.26.0.jar:/opt/nifi/nifi-current/./lib/slf4j-api-2.0.12.jar:/opt/nifi/nifi-current/./lib/byte-buddy-1.12.19.jar:/opt/nifi/nifi-current/./lib/jcl-over-slf4j-2.0.12.jar:/opt/nifi/nifi-current/./lib/nifi-api-1.26.0.jar:/opt/nifi/nifi-current/./lib/jetty-schemas-5.2.jar:/opt/nifi/nifi-current/./lib/logback-core-1.3.14.jar:/opt/nifi/nifi-current/./lib/jul-to-slf4j-2.0.12.jar:/opt/nifi/nifi-current/./lib/javax.servlet-api-3.1.0.jar:/opt/nifi/nifi-current/./lib/nifi-stateless-api-1.26.0.jar:/opt/nifi/nifi-current/./lib/log4j-over-slf4j-2.0.12.jar:/opt/nifi/nifi-current/./lib/nifi-nar-utils-1.26.0.jar:/opt/nifi/nifi-current/./lib/nifi-per-process-group-logging-1.26.0.jar:/opt/nifi/nifi-current/./lib/nifi-property-utils-1.26.0.jar:/opt/nifi/nifi-current/./lib/nifi-runtime-1.26.0.jar:/opt/nifi/nifi-current/./lib/nifi-stateless-bootstrap-1.26.0.jar:/opt/nifi/nifi-current/./lib/nifi-server-api-1.26.0.jar:/opt/nifi/nifi-current/./lib/logback-classic-1.3.14.jar:/opt/nifi/nifi-current/./lib/nifi-framework-api-1.26.0.jar:/opt/nifi/nifi-current/./lib/java11/jaxb-runtime-2.3.9.jar:/opt/nifi/nifi-current/./lib/java11/jakarta.xml.bind-api-2.3.3.jar:/opt/nifi/nifi-current/./lib/java11/txw2-2.3.9.jar:/opt/nifi/nifi-current/./lib/java11/istack-commons-runtime-3.0.12.jar:/opt/nifi/nifi-current/./lib/java11/javax.annotation-api-1.3.2.jar:/opt/nifi/nifi-current/./lib/java11/jakarta.activation-1.2.2.jar:/opt/nifi/nifi-current/./lib/java11/jakarta.activation-api-1.2.2.jar -Dorg.apache.jasper.compiler.disablejsr199=true -Xmx1g -Xms1g -Dcurator-log-only-first-connection-issue-as-error-level=true -Djavax.security.auth.useSubjectCredsOnly=true -Djava.security.egd=file:/dev/urandom -Dzookeeper.admin.enableServer=false -Dsun.net.http.allowRestrictedHeaders=true -Djava.net.preferIPv4Stack=true -Djava.awt.headless=true -Djava.protocol.handler.pkgs=sun.net.www.protocol -Dnifi.properties.file.path=/opt/nifi/nifi-current/./conf/nifi.properties -Dnifi.bootstrap.listen.port=33545 -Dapp=NiFi -Dorg.apache.nifi.bootstrap.config.log.dir=/opt/nifi/nifi-current/logs org.apache.nifi.NiFi 
2024-05-23 12:22:01,494 INFO [main] org.apache.nifi.bootstrap.Command Launched Apache NiFi with Process ID 89
2024-05-23 12:22:02,794 INFO [NiFi Bootstrap Command Listener] org.apache.nifi.bootstrap.RunNiFi Apache NiFi now running and listening for Bootstrap requests on port 38155
2024-05-23 12:22:52,484 ERROR [NiFi logging handler] org.apache.nifi.StdErr Warning: Nashorn engine is planned to be removed from a future JDK release
2024-05-23 12:22:52,943 ERROR [NiFi logging handler] org.apache.nifi.StdErr Warning: Nashorn engine is planned to be removed from a future JDK release
2024-05-23 12:22:52,970 ERROR [NiFi logging handler] org.apache.nifi.StdErr Warning: Nashorn engine is planned to be removed from a future JDK release
2024-05-23 12:22:53,619 ERROR [NiFi logging handler] org.apache.nifi.StdErr Warning: Nashorn engine is planned to be removed from a future JDK release
2024-05-23 12:22:53,653 ERROR [NiFi logging handler] org.apache.nifi.StdErr Warning: Nashorn engine is planned to be removed from a future JDK release
2024-05-23 12:22:53,703 ERROR [NiFi logging handler] org.apache.nifi.StdErr Warning: Nashorn engine is planned to be removed from a future JDK release
2024-05-23 12:22:53,819 ERROR [NiFi logging handler] org.apache.nifi.StdErr Warning: Nashorn engine is planned to be removed from a future JDK release
2024-05-23 12:22:53,894 ERROR [NiFi logging handler] org.apache.nifi.StdErr Warning: Nashorn engine is planned to be removed from a future JDK release
2024-05-23 12:22:54,343 ERROR [NiFi logging handler] org.apache.nifi.StdErr Warning: Nashorn engine is planned to be removed from a future JDK release
2024-05-23 12:23:07,596 ERROR [NiFi logging handler] org.apache.nifi.StdErr WARNING: An illegal reflective access operation has occurred
2024-05-23 12:23:07,596 ERROR [NiFi logging handler] org.apache.nifi.StdErr WARNING: Illegal reflective access by jetbrains.exodus.io.FileDataWriter$Companion$setUninterruptibleMethod$1 (file:/opt/nifi/nifi-current/./work/nar/framework/nifi-framework-nar-1.26.0.nar-unpacked/NAR-INF/bundled-dependencies/xodus-environment-2.0.1.jar) to method sun.nio.ch.FileChannelImpl.setUninterruptible()
2024-05-23 12:23:07,597 ERROR [NiFi logging handler] org.apache.nifi.StdErr WARNING: Please consider reporting this to the maintainers of jetbrains.exodus.io.FileDataWriter$Companion$setUninterruptibleMethod$1
2024-05-23 12:23:07,597 ERROR [NiFi logging handler] org.apache.nifi.StdErr WARNING: Use --illegal-access=warn to enable warnings of further illegal reflective access operations
2024-05-23 12:23:07,598 ERROR [NiFi logging handler] org.apache.nifi.StdErr WARNING: All illegal access operations will be denied in a future release
2024-05-23 12:33:27,128 INFO [main] o.a.n.b.NotificationServiceManager Successfully loaded the following 0 services: []
2024-05-23 12:33:27,132 INFO [main] org.apache.nifi.bootstrap.RunNiFi Registered no Notification Services for Notification Type NIFI_STARTED
2024-05-23 12:33:27,132 INFO [main] org.apache.nifi.bootstrap.RunNiFi Registered no Notification Services for Notification Type NIFI_STOPPED
2024-05-23 12:33:27,133 INFO [main] org.apache.nifi.bootstrap.RunNiFi Registered no Notification Services for Notification Type NIFI_DIED
2024-05-23 12:33:27,145 INFO [main] org.apache.nifi.bootstrap.RunNiFi Runtime Java version: 11.0.23
2024-05-23 12:33:27,277 INFO [main] org.apache.nifi.bootstrap.RunNiFi {javaVersion=11.0.23, availableProcessors=8, maxOpenFileDescriptors=1048576, totalPhysicalMemoryMB=7879, minimumHeapSize=1g, maximumHeapSize=1g}
2024-05-23 12:33:27,305 INFO [main] org.apache.nifi.bootstrap.Command Starting Apache NiFi...
2024-05-23 12:33:27,307 INFO [main] org.apache.nifi.bootstrap.Command Working Directory: /opt/nifi/nifi-current
2024-05-23 12:33:27,308 INFO [main] org.apache.nifi.bootstrap.Command Command: /opt/java/openjdk/bin/java -classpath /opt/nifi/nifi-current/./conf:/opt/nifi/nifi-current/./lib/nifi-properties-1.26.0.jar:/opt/nifi/nifi-current/./lib/slf4j-api-2.0.12.jar:/opt/nifi/nifi-current/./lib/byte-buddy-1.12.19.jar:/opt/nifi/nifi-current/./lib/jcl-over-slf4j-2.0.12.jar:/opt/nifi/nifi-current/./lib/nifi-api-1.26.0.jar:/opt/nifi/nifi-current/./lib/jetty-schemas-5.2.jar:/opt/nifi/nifi-current/./lib/logback-core-1.3.14.jar:/opt/nifi/nifi-current/./lib/jul-to-slf4j-2.0.12.jar:/opt/nifi/nifi-current/./lib/javax.servlet-api-3.1.0.jar:/opt/nifi/nifi-current/./lib/nifi-stateless-api-1.26.0.jar:/opt/nifi/nifi-current/./lib/log4j-over-slf4j-2.0.12.jar:/opt/nifi/nifi-current/./lib/nifi-nar-utils-1.26.0.jar:/opt/nifi/nifi-current/./lib/nifi-per-process-group-logging-1.26.0.jar:/opt/nifi/nifi-current/./lib/nifi-property-utils-1.26.0.jar:/opt/nifi/nifi-current/./lib/nifi-runtime-1.26.0.jar:/opt/nifi/nifi-current/./lib/nifi-stateless-bootstrap-1.26.0.jar:/opt/nifi/nifi-current/./lib/nifi-server-api-1.26.0.jar:/opt/nifi/nifi-current/./lib/logback-classic-1.3.14.jar:/opt/nifi/nifi-current/./lib/nifi-framework-api-1.26.0.jar:/opt/nifi/nifi-current/./lib/java11/jaxb-runtime-2.3.9.jar:/opt/nifi/nifi-current/./lib/java11/jakarta.xml.bind-api-2.3.3.jar:/opt/nifi/nifi-current/./lib/java11/txw2-2.3.9.jar:/opt/nifi/nifi-current/./lib/java11/istack-commons-runtime-3.0.12.jar:/opt/nifi/nifi-current/./lib/java11/javax.annotation-api-1.3.2.jar:/opt/nifi/nifi-current/./lib/java11/jakarta.activation-1.2.2.jar:/opt/nifi/nifi-current/./lib/java11/jakarta.activation-api-1.2.2.jar -Dorg.apache.jasper.compiler.disablejsr199=true -Xmx1g -Xms1g -Dcurator-log-only-first-connection-issue-as-error-level=true -Djavax.security.auth.useSubjectCredsOnly=true -Djava.security.egd=file:/dev/urandom -Dzookeeper.admin.enableServer=false -Dsun.net.http.allowRestrictedHeaders=true -Djava.net.preferIPv4Stack=true -Djava.awt.headless=true -Djava.protocol.handler.pkgs=sun.net.www.protocol -Dnifi.properties.file.path=/opt/nifi/nifi-current/./conf/nifi.properties -Dnifi.bootstrap.listen.port=39343 -Dapp=NiFi -Dorg.apache.nifi.bootstrap.config.log.dir=/opt/nifi/nifi-current/logs org.apache.nifi.NiFi 
2024-05-23 12:33:27,429 INFO [main] org.apache.nifi.bootstrap.Command Launched Apache NiFi with Process ID 88
2024-05-23 12:33:28,611 INFO [NiFi Bootstrap Command Listener] org.apache.nifi.bootstrap.RunNiFi Apache NiFi now running and listening for Bootstrap requests on port 36521
2024-05-23 12:34:02,839 ERROR [NiFi logging handler] org.apache.nifi.StdErr Warning: Nashorn engine is planned to be removed from a future JDK release
2024-05-23 12:34:03,359 ERROR [NiFi logging handler] org.apache.nifi.StdErr Warning: Nashorn engine is planned to be removed from a future JDK release
2024-05-23 12:34:03,386 ERROR [NiFi logging handler] org.apache.nifi.StdErr Warning: Nashorn engine is planned to be removed from a future JDK release
2024-05-23 12:34:04,151 ERROR [NiFi logging handler] org.apache.nifi.StdErr Warning: Nashorn engine is planned to be removed from a future JDK release
2024-05-23 12:34:04,194 ERROR [NiFi logging handler] org.apache.nifi.StdErr Warning: Nashorn engine is planned to be removed from a future JDK release
2024-05-23 12:34:04,256 ERROR [NiFi logging handler] org.apache.nifi.StdErr Warning: Nashorn engine is planned to be removed from a future JDK release
2024-05-23 12:34:04,394 ERROR [NiFi logging handler] org.apache.nifi.StdErr Warning: Nashorn engine is planned to be removed from a future JDK release
2024-05-23 12:34:04,462 ERROR [NiFi logging handler] org.apache.nifi.StdErr Warning: Nashorn engine is planned to be removed from a future JDK release
2024-05-23 12:34:04,843 ERROR [NiFi logging handler] org.apache.nifi.StdErr Warning: Nashorn engine is planned to be removed from a future JDK release
2024-05-23 12:34:13,603 ERROR [NiFi logging handler] org.apache.nifi.StdErr WARNING: An illegal reflective access operation has occurred
2024-05-23 12:34:13,604 ERROR [NiFi logging handler] org.apache.nifi.StdErr WARNING: Illegal reflective access by jetbrains.exodus.io.FileDataWriter$Companion$setUninterruptibleMethod$1 (file:/opt/nifi/nifi-current/./work/nar/framework/nifi-framework-nar-1.26.0.nar-unpacked/NAR-INF/bundled-dependencies/xodus-environment-2.0.1.jar) to method sun.nio.ch.FileChannelImpl.setUninterruptible()
2024-05-23 12:34:13,605 ERROR [NiFi logging handler] org.apache.nifi.StdErr WARNING: Please consider reporting this to the maintainers of jetbrains.exodus.io.FileDataWriter$Companion$setUninterruptibleMethod$1
2024-05-23 12:34:13,605 ERROR [NiFi logging handler] org.apache.nifi.StdErr WARNING: Use --illegal-access=warn to enable warnings of further illegal reflective access operations
2024-05-23 12:34:13,606 ERROR [NiFi logging handler] org.apache.nifi.StdErr WARNING: All illegal access operations will be denied in a future release
2024-05-23 12:40:15,655 INFO [main] o.a.n.b.NotificationServiceManager Successfully loaded the following 0 services: []
2024-05-23 12:40:15,661 INFO [main] org.apache.nifi.bootstrap.RunNiFi Registered no Notification Services for Notification Type NIFI_STARTED
2024-05-23 12:40:15,662 INFO [main] org.apache.nifi.bootstrap.RunNiFi Registered no Notification Services for Notification Type NIFI_STOPPED
2024-05-23 12:40:15,662 INFO [main] org.apache.nifi.bootstrap.RunNiFi Registered no Notification Services for Notification Type NIFI_DIED
2024-05-23 12:40:15,684 INFO [main] org.apache.nifi.bootstrap.RunNiFi Runtime Java version: 11.0.23
2024-05-23 12:40:15,902 INFO [main] org.apache.nifi.bootstrap.RunNiFi {javaVersion=11.0.23, availableProcessors=8, maxOpenFileDescriptors=1048576, totalPhysicalMemoryMB=7879, minimumHeapSize=1g, maximumHeapSize=1g}
2024-05-23 12:40:15,932 INFO [main] org.apache.nifi.bootstrap.Command Starting Apache NiFi...
2024-05-23 12:40:15,934 INFO [main] org.apache.nifi.bootstrap.Command Working Directory: /opt/nifi/nifi-current
2024-05-23 12:40:15,936 INFO [main] org.apache.nifi.bootstrap.Command Command: /opt/java/openjdk/bin/java -classpath /opt/nifi/nifi-current/./conf:/opt/nifi/nifi-current/./lib/nifi-properties-1.26.0.jar:/opt/nifi/nifi-current/./lib/slf4j-api-2.0.12.jar:/opt/nifi/nifi-current/./lib/byte-buddy-1.12.19.jar:/opt/nifi/nifi-current/./lib/jcl-over-slf4j-2.0.12.jar:/opt/nifi/nifi-current/./lib/nifi-api-1.26.0.jar:/opt/nifi/nifi-current/./lib/jetty-schemas-5.2.jar:/opt/nifi/nifi-current/./lib/logback-core-1.3.14.jar:/opt/nifi/nifi-current/./lib/jul-to-slf4j-2.0.12.jar:/opt/nifi/nifi-current/./lib/javax.servlet-api-3.1.0.jar:/opt/nifi/nifi-current/./lib/nifi-stateless-api-1.26.0.jar:/opt/nifi/nifi-current/./lib/log4j-over-slf4j-2.0.12.jar:/opt/nifi/nifi-current/./lib/nifi-nar-utils-1.26.0.jar:/opt/nifi/nifi-current/./lib/nifi-per-process-group-logging-1.26.0.jar:/opt/nifi/nifi-current/./lib/nifi-property-utils-1.26.0.jar:/opt/nifi/nifi-current/./lib/nifi-runtime-1.26.0.jar:/opt/nifi/nifi-current/./lib/nifi-stateless-bootstrap-1.26.0.jar:/opt/nifi/nifi-current/./lib/nifi-server-api-1.26.0.jar:/opt/nifi/nifi-current/./lib/logback-classic-1.3.14.jar:/opt/nifi/nifi-current/./lib/nifi-framework-api-1.26.0.jar:/opt/nifi/nifi-current/./lib/java11/jaxb-runtime-2.3.9.jar:/opt/nifi/nifi-current/./lib/java11/jakarta.xml.bind-api-2.3.3.jar:/opt/nifi/nifi-current/./lib/java11/txw2-2.3.9.jar:/opt/nifi/nifi-current/./lib/java11/istack-commons-runtime-3.0.12.jar:/opt/nifi/nifi-current/./lib/java11/javax.annotation-api-1.3.2.jar:/opt/nifi/nifi-current/./lib/java11/jakarta.activation-1.2.2.jar:/opt/nifi/nifi-current/./lib/java11/jakarta.activation-api-1.2.2.jar -Dorg.apache.jasper.compiler.disablejsr199=true -Xmx1g -Xms1g -Dcurator-log-only-first-connection-issue-as-error-level=true -Djavax.security.auth.useSubjectCredsOnly=true -Djava.security.egd=file:/dev/urandom -Dzookeeper.admin.enableServer=false -Dsun.net.http.allowRestrictedHeaders=true -Djava.net.preferIPv4Stack=true -Djava.awt.headless=true -Djava.protocol.handler.pkgs=sun.net.www.protocol -Dnifi.properties.file.path=/opt/nifi/nifi-current/./conf/nifi.properties -Dnifi.bootstrap.listen.port=41545 -Dapp=NiFi -Dorg.apache.nifi.bootstrap.config.log.dir=/opt/nifi/nifi-current/logs org.apache.nifi.NiFi 
2024-05-23 12:40:16,040 INFO [main] org.apache.nifi.bootstrap.Command Launched Apache NiFi with Process ID 88
2024-05-23 12:40:17,047 INFO [NiFi Bootstrap Command Listener] org.apache.nifi.bootstrap.RunNiFi Apache NiFi now running and listening for Bootstrap requests on port 45091
2024-05-23 12:40:48,679 ERROR [NiFi logging handler] org.apache.nifi.StdErr Warning: Nashorn engine is planned to be removed from a future JDK release
2024-05-23 12:40:49,041 ERROR [NiFi logging handler] org.apache.nifi.StdErr Warning: Nashorn engine is planned to be removed from a future JDK release
2024-05-23 12:40:49,063 ERROR [NiFi logging handler] org.apache.nifi.StdErr Warning: Nashorn engine is planned to be removed from a future JDK release
2024-05-23 12:40:49,480 ERROR [NiFi logging handler] org.apache.nifi.StdErr Warning: Nashorn engine is planned to be removed from a future JDK release
2024-05-23 12:40:49,529 ERROR [NiFi logging handler] org.apache.nifi.StdErr Warning: Nashorn engine is planned to be removed from a future JDK release
2024-05-23 12:40:49,593 ERROR [NiFi logging handler] org.apache.nifi.StdErr Warning: Nashorn engine is planned to be removed from a future JDK release
2024-05-23 12:40:49,723 ERROR [NiFi logging handler] org.apache.nifi.StdErr Warning: Nashorn engine is planned to be removed from a future JDK release
2024-05-23 12:40:49,801 ERROR [NiFi logging handler] org.apache.nifi.StdErr Warning: Nashorn engine is planned to be removed from a future JDK release
2024-05-23 12:40:50,176 ERROR [NiFi logging handler] org.apache.nifi.StdErr Warning: Nashorn engine is planned to be removed from a future JDK release
2024-05-23 12:40:58,860 ERROR [NiFi logging handler] org.apache.nifi.StdErr WARNING: An illegal reflective access operation has occurred
2024-05-23 12:40:58,861 ERROR [NiFi logging handler] org.apache.nifi.StdErr WARNING: Illegal reflective access by jetbrains.exodus.io.FileDataWriter$Companion$setUninterruptibleMethod$1 (file:/opt/nifi/nifi-current/./work/nar/framework/nifi-framework-nar-1.26.0.nar-unpacked/NAR-INF/bundled-dependencies/xodus-environment-2.0.1.jar) to method sun.nio.ch.FileChannelImpl.setUninterruptible()
2024-05-23 12:40:58,862 ERROR [NiFi logging handler] org.apache.nifi.StdErr WARNING: Please consider reporting this to the maintainers of jetbrains.exodus.io.FileDataWriter$Companion$setUninterruptibleMethod$1
2024-05-23 12:40:58,862 ERROR [NiFi logging handler] org.apache.nifi.StdErr WARNING: Use --illegal-access=warn to enable warnings of further illegal reflective access operations
2024-05-23 12:40:58,862 ERROR [NiFi logging handler] org.apache.nifi.StdErr WARNING: All illegal access operations will be denied in a future release
2024-05-23 15:47:42,664 INFO [main] o.a.n.b.NotificationServiceManager Successfully loaded the following 0 services: []
2024-05-23 15:47:42,681 INFO [main] org.apache.nifi.bootstrap.RunNiFi Registered no Notification Services for Notification Type NIFI_STARTED
2024-05-23 15:47:42,682 INFO [main] org.apache.nifi.bootstrap.RunNiFi Registered no Notification Services for Notification Type NIFI_STOPPED
2024-05-23 15:47:42,683 INFO [main] org.apache.nifi.bootstrap.RunNiFi Registered no Notification Services for Notification Type NIFI_DIED
2024-05-23 15:47:42,888 INFO [main] org.apache.nifi.bootstrap.Command Apache NiFi has accepted the Shutdown Command and is shutting down now
2024-05-23 15:47:43,006 INFO [main] org.apache.nifi.bootstrap.Command NiFi PID [88] shutdown in progress...
2024-05-23 15:47:45,015 INFO [main] org.apache.nifi.bootstrap.Command NiFi PID [88] shutdown in progress...
2024-05-23 15:47:46,226 INFO [main] org.apache.nifi.bootstrap.RunNiFi A shutdown was initiated. Will not restart NiFi
2024-05-23 15:47:47,023 INFO [main] org.apache.nifi.bootstrap.Command NiFi PID [88] shutdown completed
